<?xml version="1.0" encoding="UTF-8"?>
<!-- Generated by org.testng.reporters.JUnitReportReporter -->
<testsuite hostname="SBWL-ARAJGURU" failures="0" tests="1" name="TestFramework.SPA_FailureAnalysis.FailureAnalysisTest" time="250.386" errors="0" timestamp="2022-03-10T12:22:48 IST" skipped="0">
  <testcase classname="TestFramework.SPA_FailureAnalysis.FailureAnalysisTest" name="startFailureAnalysis" time="250.386"/>
  <system-out/>
</testsuite> <!-- TestFramework.SPA_FailureAnalysis.FailureAnalysisTest -->
