<?xml version="1.0" encoding="UTF-8"?>
<!-- Generated by org.testng.reporters.JUnitReportReporter -->
<testsuite hostname="SBWL-ARAJGURU" failures="0" tests="1" name="TestFramework.SPA_FailureAnalysis.FailureAnalysisTest" time="1864.374" errors="0" timestamp="2021-06-28T13:39:09 IST" skipped="0">
  <testcase classname="TestFramework.SPA_FailureAnalysis.FailureAnalysisTest" name="startFailureAnalysis" time="1864.374"/>
  <system-out/>
</testsuite> <!-- TestFramework.SPA_FailureAnalysis.FailureAnalysisTest -->
